<?xml version="1.0" encoding="UTF-8"?>
<testsuite name="kz.topmail.geometry.figures.SquareTests" tests="1" skipped="0" failures="0" errors="0" timestamp="2024-11-20T20:28:56" hostname="LAPTOP-PLD859MH" time="0.034">
  <properties/>
  <testcase name="checkSquare()" classname="kz.topmail.geometry.figures.SquareTests" time="0.034"/>
  <system-out><![CDATA[]]></system-out>
  <system-err><![CDATA[]]></system-err>
</testsuite>
